B - Petscare/app/build/outputs/logs/manifest-merger-debug-report.txt
-- Merging decision tree log ---
manifest
ADDED from src\main\AndroidManifest.xml:2:1-67:12
INJECTED from src\main\AndroidManifest.xml:2:1-67:12
INJECTED from src\main\AndroidManifest.xml:2:1-67:12
INJECTED from src\main\AndroidManifest.xml:2:1-67:12
MERGED from [com.airbnb.android:lottie-compose:6.0.1] AndroidManifest.xml:2:1-9:12
MERGED from [com.patrykandpatrick.vico:compose-m2:1.6.5] AndroidManifest.xml:2:1-7:12
MERGED from [com.patrykandpatrick.vico:compose-m3:1.6.5] AndroidManifest.xml:2:1-7:12
MERGED from [com.patrykandpatrick.vico:compose:1.6.5] AndroidManifest.xml:2:1-7:12
MERGED from [androidx.compose.ui:ui-tooling:1.3.3] AndroidManifest.xml:17:1-28:12
MERGED from [androidx.activity:activity-compose:1.6.1] AndroidManifest.xml:17:1-22:12
MERGED from [io.coil-kt:coil-compose:2.1.0] AndroidManifest.xml:2:1-9:12
MERGED from [io.coil-kt:coil-compose-base:2.1.0] AndroidManifest.xml:2:1-9:12
MERGED from [androidx.compose.material:material:1.3.1] AndroidManifest.xml:17:1-22:12
MERGED from [androidx.compose.material3:material3:1.0.1] AndroidManifest.xml:17:1-22:12
MERGED from [androidx.compose.material:material-ripple:1.3.1] AndroidManifest.xml:17:1-22:12
MERGED from [androidx.compose.foundation:foundation:1.3.1] AndroidManifest.xml:17:1-22:12
MERGED from [com.google.accompanist:accompanist-drawablepainter:0.23.1] AndroidManifest.xml:17:1-24:12
MERGED from [androidx.compose.animation:animation:1.3.3] AndroidManifest.xml:17:1-22:12
MERGED from [androidx.compose.ui:ui-tooling-data:1.3.3] AndroidManifest.xml:17:1-22:12
MERGED from [androidx.compose.foundation:foundation-layout:1.3.1] AndroidManifest.xml:17:1-22:12
MERGED from [androidx.compose.material:material-icons-extended:1.3.0] AndroidManifest.xml:17:1-22:12
MERGED from [androidx.compose.material:material-icons-core:1.3.1] AndroidManifest.xml:17:1-22:12
MERGED from [androidx.compose.animation:animation-core:1.3.3] AndroidManifest.xml:17:1-22:12
MERGED from [androidx.compose.ui:ui:1.3.3] AndroidManifest.xml:17:1-22:12
MERGED from [androidx.compose.ui:ui-test-manifest:1.3.0] AndroidManifest.xml:17:1-28:12
MERGED from [com.google.android.material:material:1.5.0] AndroidManifest.xml:17:1-24:12
MERGED from [androidx.constraintlayout:constraintlayout:2.1.3] AndroidManifest.xml:2:1-11:12
MERGED from [com.patrykandpatrick.vico:views:1.6.5] AndroidManifest.xml:2:1-7:12
MERGED from [com.airbnb.android:lottie:6.0.1] AndroidManifest.xml:2:1-11:12
MERGED from [io.coil-kt:coil:2.1.0] AndroidManifest.xml:2:1-9:12
MERGED from [io.coil-kt:coil-base:2.1.0] AndroidManifest.xml:2:1-9:12
MERGED from [androidx.appcompat:appcompat-resources:1.6.0] AndroidManifest.xml:17:1-22:12
MERGED from [androidx.appcompat:appcompat:1.6.0] AndroidManifest.xml:17:1-22:12
MERGED from [androidx.viewpager2:viewpager2:1.0.0] AndroidManifest.xml:17:1-24:12
MERGED from [com.google.firebase:firebase-auth-ktx:22.0.0] AndroidManifest.xml:2:1-17:12
MERGED from [com.google.firebase:firebase-auth:22.0.0] AndroidManifest.xml:17:1-75:12
MERGED from [com.google.firebase:firebase-storage-ktx:20.2.1] AndroidManifest.xml:2:1-20:12
MERGED from [com.google.firebase:firebase-storage:20.2.1] AndroidManifest.xml:15:1-38:12
MERGED from [com.google.firebase:firebase-database-ktx:20.2.2] AndroidManifest.xml:2:1-20:12
MERGED from [com.google.firebase:firebase-database:20.2.2] AndroidManifest.xml:15:1-37:12
MERGED from [com.google.firebase:firebase-appcheck-interop:17.0.1] AndroidManifest.xml:15:1-25:12
MERGED from [com.google.firebase:firebase-database-collection:18.0.1] AndroidManifest.xml:2:1-9:12
MERGED from [com.google.android.gms:play-services-auth-api-phone:17.4.0] AndroidManifest.xml:2:1-7:12
MERGED from [com.google.android.gms:play-services-base:18.1.0] AndroidManifest.xml:16:1-24:12
MERGED from [com.google.firebase:firebase-common-ktx:20.3.3] AndroidManifest.xml:2:1-20:12
MERGED from [com.google.firebase:firebase-auth-interop:20.0.0] AndroidManifest.xml:2:1-10:12
MERGED from [com.google.firebase:firebase-common:20.3.3] AndroidManifest.xml:15:1-39:12
MERGED from [com.google.android.recaptcha:recaptcha:18.1.2] AndroidManifest.xml:2:1-10:12
MERGED from [androidx.compose.ui:ui-text:1.3.3] AndroidManifest.xml:17:1-22:12
MERGED from [com.google.android.play:integrity:1.1.0] AndroidManifest.xml:2:1-7:12
MERGED from [com.google.android.gms:play-services-tasks:18.0.2] AndroidManifest.xml:2:1-6:12
MERGED from [com.google.android.gms:play-services-basement:18.1.0] AndroidManifest.xml:16:1-26:12
MERGED from [androidx.fragment:fragment:1.3.6] AndroidManifest.xml:17:1-24:12
MERGED from [androidx.activity:activity:1.6.1] AndroidManifest.xml:17:1-22:12
MERGED from [androidx.activity:activity-ktx:1.6.1] AndroidManifest.xml:17:1-22:12
MERGED from [androidx.lifecycle:lifecycle-runtime-ktx:2.5.1] AndroidManifest.xml:17:1-24:12
MERGED from [androidx.lifecycle:lifecycle-viewmodel-ktx:2.5.1] AndroidManifest.xml:17:1-24:12
MERGED from [androidx.compose.runtime:runtime-saveable:1.3.3] AndroidManifest.xml:17:1-22:12
MERGED from [androidx.compose.ui:ui-graphics:1.3.3] AndroidManifest.xml:17:1-22:12
MERGED from [androidx.compose.ui:ui-unit:1.3.3] AndroidManifest.xml:17:1-22:12
MERGED from [androidx.compose.ui:ui-geometry:1.3.3] AndroidManifest.xml:17:1-22:12
MERGED from [androidx.compose.ui:ui-tooling-preview:1.3.3] AndroidManifest.xml:17:1-22:12
MERGED from [androidx.compose.runtime:runtime:1.3.3] AndroidManifest.xml:17:1-22:12
MERGED from [androidx.dynamicanimation:dynamicanimation:1.0.0] AndroidManifest.xml:17:1-22:12
MERGED from [androidx.legacy:legacy-support-core-utils:1.0.0] AndroidManifest.xml:17:1-22:12
MERGED from [androidx.loader:loader:1.0.0] AndroidManifest.xml:17:1-22:12
MERGED from [androidx.lifecycle:lifecycle-viewmodel:2.5.1] AndroidManifest.xml:17:1-24:12
MERGED from [androidx.lifecycle:lifecycle-viewmodel-savedstate:2.5.1] AndroidManifest.xml:17:1-24:12
MERGED from [androidx.drawerlayout:drawerlayout:1.1.1] AndroidManifest.xml:17:1-24:12
MERGED from [androidx.coordinatorlayout:coordinatorlayout:1.1.0] AndroidManifest.xml:17:1-24:12
MERGED from [androidx.transition:transition:1.2.0] AndroidManifest.xml:17:1-24:12
MERGED from [androidx.vectordrawable:vectordrawable-animated:1.1.0] AndroidManifest.xml:17:1-24:12
MERGED from [androidx.vectordrawable:vectordrawable:1.1.0] AndroidManifest.xml:17:1-24:12
MERGED from [androidx.recyclerview:recyclerview:1.1.0] AndroidManifest.xml:17:1-24:12
MERGED from [androidx.viewpager:viewpager:1.0.0] AndroidManifest.xml:17:1-22:12
MERGED from [androidx.customview:customview:1.1.0] AndroidManifest.xml:17:1-24:12
MERGED from [androidx.emoji2:emoji2-views-helper:1.2.0] AndroidManifest.xml:2:1-7:12
MERGED from [androidx.emoji2:emoji2:1.2.0] AndroidManifest.xml:17:1-35:12
MERGED from [androidx.autofill:autofill:1.0.0] AndroidManifest.xml:17:1-24:12
MERGED from [androidx.browser:browser:1.4.0] AndroidManifest.xml:17:1-24:12
MERGED from [androidx.core:core:1.9.0] AndroidManifest.xml:17:1-30:12
MERGED from [androidx.customview:customview-poolingcontainer:1.0.0] AndroidManifest.xml:17:1-23:12
MERGED from [androidx.core:core-ktx:1.9.0] AndroidManifest.xml:2:1-7:12
MERGED from [pl.droidsonroids.gif:android-gif-drawable:1.2.19] AndroidManifest.xml:2:1-9:12
MERGED from [com.patrykandpatrick.vico:core:1.6.5] AndroidManifest.xml:2:1-7:12
MERGED from [androidx.compose.ui:ui-util:1.3.3] AndroidManifest.xml:17:1-22:12
MERGED from [androidx.lifecycle:lifecycle-process:2.4.1] AndroidManifest.xml:17:1-37:12
MERGED from [androidx.lifecycle:lifecycle-runtime:2.5.1] AndroidManifest.xml:17:1-24:12
MERGED from [androidx.savedstate:savedstate-ktx:1.2.0] AndroidManifest.xml:17:1-24:12
MERGED from [androidx.savedstate:savedstate:1.2.0] AndroidManifest.xml:17:1-24:12
MERGED from [androidx.lifecycle:lifecycle-livedata:2.0.0] AndroidManifest.xml:17:1-22:12
MERGED from [androidx.lifecycle:lifecycle-livedata-core:2.5.1] AndroidManifest.xml:17:1-24:12
MERGED from [com.google.firebase:firebase-components:17.1.0] AndroidManifest.xml:15:1-22:12
MERGED from [androidx.cardview:cardview:1.0.0] AndroidManifest.xml:17:1-22:12
MERGED from [androidx.cursoradapter:cursoradapter:1.0.0] AndroidManifest.xml:17:1-22:12
MERGED from [androidx.profileinstaller:profileinstaller:1.2.0] AndroidManifest.xml:17:1-50:12
MERGED from [androidx.localbroadcastmanager:localbroadcastmanager:1.0.0] AndroidManifest.xml:17:1-22:12
MERGED from [androidx.startup:startup-runtime:1.1.1] AndroidManifest.xml:17:1-33:12
MERGED from [androidx.tracing:tracing:1.0.0] AndroidManifest.xml:17:1-24:12
MERGED from [androidx.documentfile:documentfile:1.0.0] AndroidManifest.xml:17:1-22:12
MERGED from [androidx.print:print:1.0.0] AndroidManifest.xml:17:1-22:12
MERGED from [androidx.versionedparcelable:versionedparcelable:1.1.1] AndroidManifest.xml:17:1-27:12
MERGED from [androidx.exifinterface:exifinterface:1.3.3] AndroidManifest.xml:17:1-24:12
MERGED from [androidx.arch.core:core-runtime:2.1.0] AndroidManifest.xml:17:1-24:12
MERGED from [androidx.interpolator:interpolator:1.0.0] AndroidManifest.xml:17:1-22:12
MERGED from [androidx.annotation:annotation-experimental:1.3.0] AndroidManifest.xml:17:1-22:12
MERGED from [pl.droidsonroids:relinker:1.3.1] AndroidManifest.xml:2:1-7:12
INJECTED from src\main\AndroidManifest.xml:2:1-67:12
INJECTED from src\main\AndroidManifest.xml:2:1-67:12
INJECTED from src\main\AndroidManifest.xml:2:1-67:12
	package
		INJECTED from src\main\AndroidManifest.xml
		ADDED from src\main\AndroidManifest.xml:2:1-67:12
		INJECTED from src\main\AndroidManifest.xml
	android:versionName
		INJECTED from src\main\AndroidManifest.xml
		ADDED from src\main\AndroidManifest.xml:2:1-67:12
		INJECTED from src\main\AndroidManifest.xml
	xmlns:tools
		ADDED from src\main\AndroidManifest.xml:3:5-51
	android:versionCode
		INJECTED from src\main\AndroidManifest.xml
		ADDED from src\main\AndroidManifest.xml:2:1-67:12
		INJECTED from src\main\AndroidManifest.xml
	xmlns:android
		ADDED from src\main\AndroidManifest.xml:2:11-69
uses-permission#android.permission.INTERNET
ADDED from src\main\AndroidManifest.xml:5:5-67
MERGED from [com.google.firebase:firebase-auth:22.0.0] AndroidManifest.xml:25:5-67
MERGED from [com.google.firebase:firebase-auth:22.0.0] AndroidManifest.xml:25:5-67
MERGED from [com.google.firebase:firebase-storage:20.2.1] AndroidManifest.xml:26:5-67
MERGED from [com.google.firebase:firebase-storage:20.2.1] AndroidManifest.xml:26:5-67
MERGED from [com.google.firebase:firebase-database:20.2.2] AndroidManifest.xml:25:5-67
MERGED from [com.google.firebase:firebase-database:20.2.2] AndroidManifest.xml:25:5-67
MERGED from [com.google.android.recaptcha:recaptcha:18.1.2] AndroidManifest.xml:7:5-67
MERGED from [com.google.android.recaptcha:recaptcha:18.1.2] AndroidManifest.xml:7:5-67
	android:name
		ADDED from src\main\AndroidManifest.xml:5:22-64
uses-permission#android.permission.ACCESS_NETWORK_STATE
ADDED from src\main\AndroidManifest.xml:6:5-78
MERGED from [com.google.firebase:firebase-auth:22.0.0] AndroidManifest.xml:26:5-79
MERGED from [com.google.firebase:firebase-auth:22.0.0] AndroidManifest.xml:26:5-79
MERGED from [com.google.firebase:firebase-storage:20.2.1] AndroidManifest.xml:25:5-79
MERGED from [com.google.firebase:firebase-storage:20.2.1] AndroidManifest.xml:25:5-79
MERGED from [com.google.firebase:firebase-database:20.2.2] AndroidManifest.xml:24:5-79
MERGED from [com.google.firebase:firebase-database:20.2.2] AndroidManifest.xml:24:5-79
MERGED from [com.google.android.recaptcha:recaptcha:18.1.2] AndroidManifest.xml:8:5-79
MERGED from [com.google.android.recaptcha:recaptcha:18.1.2] AndroidManifest.xml:8:5-79
	android:name
		ADDED from src\main\AndroidManifest.xml:6:22-76
uses-permission#android.permission.READ_EXTERNAL_STORAGE
ADDED from src\main\AndroidManifest.xml:7:5-80
	android:name
		ADDED from src\main\AndroidManifest.xml:7:22-77
uses-permission#android.permission.WRITE_EXTERNAL_STORAGE
ADDED from src\main\AndroidManifest.xml:8:5-81
	android:name
		ADDED from src\main\AndroidManifest.xml:8:22-78
application
ADDED from src\main\AndroidManifest.xml:10:5-65:19
MERGED from [androidx.compose.ui:ui-tooling:1.3.3] AndroidManifest.xml:22:5-26:19
MERGED from [androidx.compose.ui:ui-tooling:1.3.3] AndroidManifest.xml:22:5-26:19
MERGED from [androidx.compose.ui:ui-test-manifest:1.3.0] AndroidManifest.xml:22:5-26:19
MERGED from [androidx.compose.ui:ui-test-manifest:1.3.0] AndroidManifest.xml:22:5-26:19
MERGED from [com.google.android.material:material:1.5.0] AndroidManifest.xml:22:5-20
MERGED from [com.google.android.material:material:1.5.0] AndroidManifest.xml:22:5-20
MERGED from [androidx.constraintlayout:constraintlayout:2.1.3] AndroidManifest.xml:9:5-20
MERGED from [androidx.constraintlayout:constraintlayout:2.1.3] AndroidManifest.xml:9:5-20
MERGED from [com.airbnb.android:lottie:6.0.1] AndroidManifest.xml:9:5-20
MERGED from [com.airbnb.android:lottie:6.0.1] AndroidManifest.xml:9:5-20
MERGED from [com.google.firebase:firebase-auth-ktx:22.0.0] AndroidManifest.xml:7:5-15:19
MERGED from [com.google.firebase:firebase-auth-ktx:22.0.0] AndroidManifest.xml:7:5-15:19
MERGED from [com.google.firebase:firebase-auth:22.0.0] AndroidManifest.xml:28:5-73:19
MERGED from [com.google.firebase:firebase-auth:22.0.0] AndroidManifest.xml:28:5-73:19
MERGED from [com.google.firebase:firebase-storage-ktx:20.2.1] AndroidManifest.xml:10:5-18:19
MERGED from [com.google.firebase:firebase-storage-ktx:20.2.1] AndroidManifest.xml:10:5-18:19
MERGED from [com.google.firebase:firebase-storage:20.2.1] AndroidManifest.xml:28:5-36:19
MERGED from [com.google.firebase:firebase-storage:20.2.1] AndroidManifest.xml:28:5-36:19
MERGED from [com.google.firebase:firebase-database-ktx:20.2.2] AndroidManifest.xml:10:5-18:19
MERGED from [com.google.firebase:firebase-database-ktx:20.2.2] AndroidManifest.xml:10:5-18:19
MERGED from [com.google.firebase:firebase-database:20.2.2] AndroidManifest.xml:27:5-35:19
MERGED from [com.google.firebase:firebase-database:20.2.2] AndroidManifest.xml:27:5-35:19
MERGED from [com.google.firebase:firebase-appcheck-interop:17.0.1] AndroidManifest.xml:23:5-20
MERGED from [com.google.firebase:firebase-appcheck-interop:17.0.1] AndroidManifest.xml:23:5-20
MERGED from [com.google.android.gms:play-services-base:18.1.0] AndroidManifest.xml:19:5-23:19
MERGED from [com.google.android.gms:play-services-base:18.1.0] AndroidManifest.xml:19:5-23:19
MERGED from [com.google.firebase:firebase-common-ktx:20.3.3] AndroidManifest.xml:10:5-18:19
MERGED from [com.google.firebase:firebase-common-ktx:20.3.3] AndroidManifest.xml:10:5-18:19
MERGED from [com.google.firebase:firebase-auth-interop:20.0.0] AndroidManifest.xml:7:5-8:19
MERGED from [com.google.firebase:firebase-auth-interop:20.0.0] AndroidManifest.xml:7:5-8:19
MERGED from [com.google.firebase:firebase-common:20.3.3] AndroidManifest.xml:24:5-37:19
MERGED from [com.google.firebase:firebase-common:20.3.3] AndroidManifest.xml:24:5-37:19
MERGED from [com.google.android.play:integrity:1.1.0] AndroidManifest.xml:5:5-6:19
MERGED from [com.google.android.play:integrity:1.1.0] AndroidManifest.xml:5:5-6:19
MERGED from [com.google.android.gms:play-services-tasks:18.0.2] AndroidManifest.xml:5:5-20
MERGED from [com.google.android.gms:play-services-tasks:18.0.2] AndroidManifest.xml:5:5-20
MERGED from [com.google.android.gms:play-services-basement:18.1.0] AndroidManifest.xml:20:5-24:19
MERGED from [com.google.android.gms:play-services-basement:18.1.0] AndroidManifest.xml:20:5-24:19
MERGED from [androidx.emoji2:emoji2:1.2.0] AndroidManifest.xml:23:5-33:19
MERGED from [androidx.emoji2:emoji2:1.2.0] AndroidManifest.xml:23:5-33:19
MERGED from [androidx.core:core:1.9.0] AndroidManifest.xml:28:5-89
MERGED from [androidx.core:core:1.9.0] AndroidManifest.xml:28:5-89
MERGED from [androidx.lifecycle:lifecycle-process:2.4.1] AndroidManifest.xml:25:5-35:19
MERGED from [androidx.lifecycle:lifecycle-process:2.4.1] AndroidManifest.xml:25:5-35:19
MERGED from [androidx.profileinstaller:profileinstaller:1.2.0] AndroidManifest.xml:24:5-48:19
MERGED from [androidx.profileinstaller:profileinstaller:1.2.0] AndroidManifest.xml:24:5-48:19
MERGED from [androidx.startup:startup-runtime:1.1.1] AndroidManifest.xml:25:5-31:19
MERGED from [androidx.startup:startup-runtime:1.1.1] AndroidManifest.xml:25:5-31:19
MERGED from [androidx.versionedparcelable:versionedparcelable:1.1.1] AndroidManifest.xml:24:5-25:19
MERGED from [androidx.versionedparcelable:versionedparcelable:1.1.1] AndroidManifest.xml:24:5-25:19
	android:appComponentFactory
		ADDED from [androidx.core:core:1.9.0] AndroidManifest.xml:28:18-86
	android:supportsRtl
		ADDED from src\main\AndroidManifest.xml:17:9-35
	android:label
		ADDED from src\main\AndroidManifest.xml:15:9-41
	android:fullBackupContent
		ADDED from src\main\AndroidManifest.xml:13:9-54
	android:roundIcon
		ADDED from src\main\AndroidManifest.xml:16:9-54
	tools:targetApi
		ADDED from src\main\AndroidManifest.xml:19:9-29
	android:icon
		ADDED from src\main\AndroidManifest.xml:14:9-43
	android:allowBackup
		ADDED from src\main\AndroidManifest.xml:11:9-35
	android:theme
		ADDED from src\main\AndroidManifest.xml:18:9-46
	android:dataExtractionRules
		ADDED from src\main\AndroidManifest.xml:12:9-65
activity#com.example.petscare.home
ADDED from src\main\AndroidManifest.xml:20:9-22:20
	android:theme
		ADDED from src\main\AndroidManifest.xml:21:13-51
	android:name
		ADDED from src\main\AndroidManifest.xml:20:19-39
activity#com.example.petscare.chatbot
ADDED from src\main\AndroidManifest.xml:23:9-25:20
	android:theme
		ADDED from src\main\AndroidManifest.xml:24:13-51
	android:name
		ADDED from src\main\AndroidManifest.xml:23:19-42
activity#com.example.petscare.chatusers
ADDED from src\main\AndroidManifest.xml:26:9-28:20
	android:theme
		ADDED from src\main\AndroidManifest.xml:27:13-51
	android:name
		ADDED from src\main\AndroidManifest.xml:26:19-44
activity#com.example.petscare.ChatPage
ADDED from src\main\AndroidManifest.xml:29:9-31:20
	android:theme
		ADDED from src\main\AndroidManifest.xml:30:13-51
	android:name
		ADDED from src\main\AndroidManifest.xml:29:19-43
activity#com.example.petscare.Myads
ADDED from src\main\AndroidManifest.xml:32:9-34:20
	android:theme
		ADDED from src\main\AndroidManifest.xml:33:13-51
	android:name
		ADDED from src\main\AndroidManifest.xml:32:19-40
activity#com.example.petscare.adsForm
ADDED from src\main\AndroidManifest.xml:35:9-37:20
	android:theme
		ADDED from src\main\AndroidManifest.xml:36:13-51
	android:name
		ADDED from src\main\AndroidManifest.xml:35:19-42
activity#com.example.petscare.getProducts
ADDED from src\main\AndroidManifest.xml:38:9-40:20
	android:theme
		ADDED from src\main\AndroidManifest.xml:39:13-51
	android:name
		ADDED from src\main\AndroidManifest.xml:38:19-46
activity#com.example.petscare.dashboard
ADDED from src\main\AndroidManifest.xml:41:9-43:20
	android:theme
		ADDED from src\main\AndroidManifest.xml:42:13-51
	android:name
		ADDED from src\main\AndroidManifest.xml:41:19-44
activity#com.example.petscare.prodForm
ADDED from src\main\AndroidManifest.xml:44:9-46:20
	android:theme
		ADDED from src\main\AndroidManifest.xml:45:13-51
	android:name
		ADDED from src\main\AndroidManifest.xml:44:19-43
activity#com.example.petscare.stockList
ADDED from src\main\AndroidManifest.xml:47:9-49:20
	android:theme
		ADDED from src\main\AndroidManifest.xml:48:13-51
	android:name
		ADDED from src\main\AndroidManifest.xml:47:19-44
activity#com.example.petscare.projectView
ADDED from src\main\AndroidManifest.xml:50:9-52:20
	android:theme
		ADDED from src\main\AndroidManifest.xml:51:13-51
	android:name
		ADDED from src\main\AndroidManifest.xml:50:19-46
activity#com.example.petscare.MainActivity
ADDED from src\main\AndroidManifest.xml:53:9-64:20
	android:exported
		ADDED from src\main\AndroidManifest.xml:55:13-36
	android:theme
		ADDED from src\main\AndroidManifest.xml:58:13-50
	android:name
		ADDED from src\main\AndroidManifest.xml:54:13-41
intent-filter#action:name:android.intent.action.MAIN+category:name:android.intent.category.LAUNCHER
ADDED from src\main\AndroidManifest.xml:59:13-63:29
action#android.intent.action.MAIN
ADDED from src\main\AndroidManifest.xml:60:17-69
	android:name
		ADDED from src\main\AndroidManifest.xml:60:25-66
category#android.intent.category.LAUNCHER
ADDED from src\main\AndroidManifest.xml:62:17-77
	android:name
		ADDED from src\main\AndroidManifest.xml:62:27-74
uses-sdk
INJECTED from src\main\AndroidManifest.xml reason: use-sdk injection requested
INJECTED from src\main\AndroidManifest.xml
INJECTED from src\main\AndroidManifest.xml
MERGED from [com.airbnb.android:lottie-compose:6.0.1] AndroidManifest.xml:5:5-7:41
MERGED from [com.airbnb.android:lottie-compose:6.0.1] AndroidManifest.xml:5:5-7:41
MERGED from [com.patrykandpatrick.vico:compose-m2:1.6.5] AndroidManifest.xml:5:5-44
MERGED from [com.patrykandpatrick.vico:compose-m2:1.6.5] AndroidManifest.xml:5:5-44
MERGED from [com.patrykandpatrick.vico:compose-m3:1.6.5] AndroidManifest.xml:5:5-44
MERGED from [com.patrykandpatrick.vico:compose-m3:1.6.5] AndroidManifest.xml:5:5-44
MERGED from [com.patrykandpatrick.vico:compose:1.6.5] AndroidManifest.xml:5:5-44
MERGED from [com.patrykandpatrick.vico:compose:1.6.5] AndroidManifest.xml:5:5-44
MERGED from [androidx.compose.ui:ui-tooling:1.3.3] AndroidManifest.xml:20:5-44
MERGED from [androidx.compose.ui:ui-tooling:1.3.3] AndroidManifest.xml:20:5-44
MERGED from [androidx.activity:activity-compose:1.6.1] AndroidManifest.xml:20:5-44
MERGED from [androidx.activity:activity-compose:1.6.1] AndroidManifest.xml:20:5-44
MERGED from [io.coil-kt:coil-compose:2.1.0] AndroidManifest.xml:5:5-7:41
MERGED from [io.coil-kt:coil-compose:2.1.0] AndroidManifest.xml:5:5-7:41
MERGED from [io.coil-kt:coil-compose-base:2.1.0] AndroidManifest.xml:5:5-7:41
MERGED from [io.coil-kt:coil-compose-base:2.1.0] AndroidManifest.xml:5:5-7:41
MERGED from [androidx.compose.material:material:1.3.1] AndroidManifest.xml:20:5-44
MERGED from [androidx.compose.material:material:1.3.1] AndroidManifest.xml:20:5-44
MERGED from [androidx.compose.material3:material3:1.0.1] AndroidManifest.xml:20:5-44
MERGED from [androidx.compose.material3:material3:1.0.1] AndroidManifest.xml:20:5-44
MERGED from [androidx.compose.material:material-ripple:1.3.1] AndroidManifest.xml:20:5-44
MERGED from [androidx.compose.material:material-ripple:1.3.1] AndroidManifest.xml:20:5-44
MERGED from [androidx.compose.foundation:foundation:1.3.1] AndroidManifest.xml:20:5-44
MERGED from [androidx.compose.foundation:foundation:1.3.1] AndroidManifest.xml:20:5-44
MERGED from [com.google.accompanist:accompanist-drawablepainter:0.23.1] AndroidManifest.xml:20:5-22:41
MERGED from [com.google.accompanist:accompanist-drawablepainter:0.23.1] AndroidManifest.xml:20:5-22:41
MERGED from [androidx.compose.animation:animation:1.3.3] AndroidManifest.xml:20:5-44
MERGED from [androidx.compose.animation:animation:1.3.3] AndroidManifest.xml:20:5-44
MERGED from [androidx.compose.ui:ui-tooling-data:1.3.3] AndroidManifest.xml:20:5-44
MERGED from [androidx.compose.ui:ui-tooling-data:1.3.3] AndroidManifest.xml:20:5-44
MERGED from [androidx.compose.foundation:foundation-layout:1.3.1] AndroidManifest.xml:20:5-44
MERGED from [androidx.compose.foundation:foundation-layout:1.3.1] AndroidManifest.xml:20:5-44
MERGED from [androidx.compose.material:material-icons-extended:1.3.0] AndroidManifest.xml:20:5-44
MERGED from [androidx.compose.material:material-icons-extended:1.3.0] AndroidManifest.xml:20:5-44
MERGED from [androidx.compose.material:material-icons-core:1.3.1] AndroidManifest.xml:20:5-44
MERGED from [androidx.compose.material:material-icons-core:1.3.1] AndroidManifest.xml:20:5-44
MERGED from [androidx.compose.animation:animation-core:1.3.3] AndroidManifest.xml:20:5-44
MERGED from [androidx.compose.animation:animation-core:1.3.3] AndroidManifest.xml:20:5-44
MERGED from [androidx.compose.ui:ui:1.3.3] AndroidManifest.xml:20:5-44
MERGED from [androidx.compose.ui:ui:1.3.3] AndroidManifest.xml:20:5-44
MERGED from [androidx.compose.ui:ui-test-manifest:1.3.0] AndroidManifest.xml:20:5-44
MERGED from [androidx.compose.ui:ui-test-manifest:1.3.0] AndroidManifest.xml:20:5-44
MERGED from [com.google.android.material:material:1.5.0] AndroidManifest.xml:20:5-44
MERGED from [com.google.android.material:material:1.5.0] AndroidManifest.xml:20:5-44
MERGED from [androidx.constraintlayout:constraintlayout:2.1.3] AndroidManifest.xml:5:5-7:41
MERGED from [androidx.constraintlayout:constraintlayout:2.1.3] AndroidManifest.xml:5:5-7:41
MERGED from [com.patrykandpatrick.vico:views:1.6.5] AndroidManifest.xml:5:5-44
MERGED from [com.patrykandpatrick.vico:views:1.6.5] AndroidManifest.xml:5:5-44
MERGED from [com.airbnb.android:lottie:6.0.1] AndroidManifest.xml:5:5-7:41
MERGED from [com.airbnb.android:lottie:6.0.1] AndroidManifest.xml:5:5-7:41
MERGED from [io.coil-kt:coil:2.1.0] AndroidManifest.xml:5:5-7:41
MERGED from [io.coil-kt:coil:2.1.0] AndroidManifest.xml:5:5-7:41
MERGED from [io.coil-kt:coil-base:2.1.0] AndroidManifest.xml:5:5-7:41
MERGED from [io.coil-kt:coil-base:2.1.0] AndroidManifest.xml:5:5-7:41
MERGED from [androidx.appcompat:appcompat-resources:1.6.0] AndroidManifest.xml:20:5-44
MERGED from [androidx.appcompat:appcompat-resources:1.6.0] AndroidManifest.xml:20:5-44
MERGED from [androidx.appcompat:appcompat:1.6.0] AndroidManifest.xml:20:5-44
MERGED from [androidx.appcompat:appcompat:1.6.0] AndroidManifest.xml:20:5-44
MERGED from [androidx.viewpager2:viewpager2:1.0.0] AndroidManifest.xml:20:5-22:41
MERGED from [androidx.viewpager2:viewpager2:1.0.0] AndroidManifest.xml:20:5-22:41
MERGED from [com.google.firebase:firebase-auth-ktx:22.0.0] AndroidManifest.xml:5:5-44
MERGED from [com.google.firebase:firebase-auth-ktx:22.0.0] AndroidManifest.xml:5:5-44
MERGED from [com.google.firebase:firebase-auth:22.0.0] AndroidManifest.xml:21:5-23:64
MERGED from [com.google.firebase:firebase-auth:22.0.0] AndroidManifest.xml:21:5-23:64
MERGED from [com.google.firebase:firebase-storage-ktx:20.2.1] AndroidManifest.xml:5:5-7:41
MERGED from [com.google.firebase:firebase-storage-ktx:20.2.1] AndroidManifest.xml:5:5-7:41
MERGED from [com.google.firebase:firebase-storage:20.2.1] AndroidManifest.xml:19:5-21:41
MERGED from [com.google.firebase:firebase-storage:20.2.1] AndroidManifest.xml:19:5-21:41
MERGED from [com.google.firebase:firebase-database-ktx:20.2.2] AndroidManifest.xml:5:5-7:41
MERGED from [com.google.firebase:firebase-database-ktx:20.2.2] AndroidManifest.xml:5:5-7:41
MERGED from [com.google.firebase:firebase-database:20.2.2] AndroidManifest.xml:18:5-20:41
MERGED from [com.google.firebase:firebase-database:20.2.2] AndroidManifest.xml:18:5-20:41
MERGED from [com.google.firebase:firebase-appcheck-interop:17.0.1] AndroidManifest.xml:18:5-20:41
MERGED from [com.google.firebase:firebase-appcheck-interop:17.0.1] AndroidManifest.xml:18:5-20:41
MERGED from [com.google.firebase:firebase-database-collection:18.0.1] AndroidManifest.xml:5:5-7:41
MERGED from [com.google.firebase:firebase-database-collection:18.0.1] AndroidManifest.xml:5:5-7:41
MERGED from [com.google.android.gms:play-services-auth-api-phone:17.4.0] AndroidManifest.xml:5:5-44
MERGED from [com.google.android.gms:play-services-auth-api-phone:17.4.0] AndroidManifest.xml:5:5-44
MERGED from [com.google.android.gms:play-services-base:18.1.0] AndroidManifest.xml:18:5-43
MERGED from [com.google.android.gms:play-services-base:18.1.0] AndroidManifest.xml:18:5-43
MERGED from [com.google.firebase:firebase-common-ktx:20.3.3] AndroidManifest.xml:5:5-7:41
MERGED from [com.google.firebase:firebase-common-ktx:20.3.3] AndroidManifest.xml:5:5-7:41
MERGED from [com.google.firebase:firebase-auth-interop:20.0.0] AndroidManifest.xml:5:5-44
MERGED from [com.google.firebase:firebase-auth-interop:20.0.0] AndroidManifest.xml:5:5-44
MERGED from [com.google.firebase:firebase-common:20.3.3] AndroidManifest.xml:19:5-21:41
MERGED from [com.google.firebase:firebase-common:20.3.3] AndroidManifest.xml:19:5-21:41
MERGED from [com.google.android.recaptcha:recaptcha:18.1.2] AndroidManifest.xml:5:5-44
MERGED from [com.google.android.recaptcha:recaptcha:18.1.2] AndroidManifest.xml:5:5-44
MERGED from [androidx.compose.ui:ui-text:1.3.3] AndroidManifest.xml:20:5-44
MERGED from [androidx.compose.ui:ui-text:1.3.3] AndroidManifest.xml:20:5-44
MERGED from [com.google.android.play:integrity:1.1.0] AndroidManifest.xml:4:5-44
MERGED from [com.google.android.play:integrity:1.1.0] AndroidManifest.xml:4:5-44
MERGED from [com.google.android.gms:play-services-tasks:18.0.2] AndroidManifest.xml:4:5-43
MERGED from [com.google.android.gms:play-services-tasks:18.0.2] AndroidManifest.xml:4:5-43
MERGED from [com.google.android.gms:play-services-basement:18.1.0] AndroidManifest.xml:18:5-43
MERGED from [com.google.android.gms:play-services-basement:18.1.0] AndroidManifest.xml:18:5-43
MERGED from [androidx.fragment:fragment:1.3.6] AndroidManifest.xml:20:5-22:41
MERGED from [androidx.fragment:fragment:1.3.6] AndroidManifest.xml:20:5-22:41
MERGED from [androidx.activity:activity:1.6.1] AndroidManifest.xml:20:5-44
MERGED from [androidx.activity:activity:1.6.1] AndroidManifest.xml:20:5-44
MERGED from [androidx.activity:activity-ktx:1.6.1] AndroidManifest.xml:20:5-44
MERGED from [androidx.activity:activity-ktx:1.6.1] AndroidManifest.xml:20:5-44
MERGED from [androidx.lifecycle:lifecycle-runtime-ktx:2.5.1] AndroidManifest.xml:20:5-22:41
MERGED from [androidx.lifecycle:lifecycle-runtime-ktx:2.5.1] AndroidManifest.xml:20:5-22:41
MERGED from [androidx.lifecycle:lifecycle-viewmodel-ktx:2.5.1] AndroidManifest.xml:20:5-22:41
MERGED from [androidx.lifecycle:lifecycle-viewmodel-ktx:2.5.1] AndroidManifest.xml:20:5-22:41
MERGED from [androidx.compose.runtime:runtime-saveable:1.3.3] AndroidManifest.xml:20:5-44
MERGED from [androidx.compose.runtime:runtime-saveable:1.3.3] AndroidManifest.xml:20:5-44
MERGED from [androidx.compose.ui:ui-graphics:1.3.3] AndroidManifest.xml:20:5-44
MERGED from [androidx.compose.ui:ui-graphics:1.3.3] AndroidManifest.xml:20:5-44